Using pre-set license
Built from '2020.3/release' branch; Version is '2020.3.7f1 (dd97f2c94397) revision 14522354'; Using compiler version '192528614'; Build Type 'Release'
OS: 'Windows 10 Home; OS build 19042.985; Version 2009; 64bit' Language: 'fr' Physical Memory: 16336 MB
BatchMode: 1, IsHumanControllingUs: 0, StartBugReporterOnCrash: 0, Is64bit: 1, IsPro: 0

 COMMAND LINE ARGUMENTS:
C:\Program Files\Unity\Hub\Editor\2020.3.7f1\Editor\Unity.exe
-adb2
-batchMode
-noUpm
-name
AssetImportWorker0
-projectPath
D:/Projet/Unity/DreamLands
-logFile
Logs/AssetImportWorker0.log
-srvPort
61306
Successfully changed project path to: D:/Projet/Unity/DreamLands
D:/Projet/Unity/DreamLands
Using Asset Import Pipeline V2.
Refreshing native plugins compatible for Editor in 66.61 ms, found 1 plugins.
Preloading 0 native plugins for Editor in 0.00 ms.
Initialize engine version: 2020.3.7f1 (dd97f2c94397)
[Subsystems] Discovering subsystems at path C:/Program Files/Unity/Hub/Editor/2020.3.7f1/Editor/Data/Resources/UnitySubsystems
[Subsystems] Discovering subsystems at path D:/Projet/Unity/DreamLands/Assets
GfxDevice: creating device client; threaded=0
Direct3D:
    Version:  Direct3D 11.0 [level 11.1]
    Renderer: NVIDIA GeForce GTX 1060 (ID=0x1c60)
    Vendor:   
    VRAM:     6052 MB
    Driver:   27.21.14.6589
Initialize mono
Mono path[0] = 'C:/Program Files/Unity/Hub/Editor/2020.3.7f1/Editor/Data/Managed'
Mono path[1] = 'C:/Program Files/Unity/Hub/Editor/2020.3.7f1/Editor/Data/MonoBleedingEdge/lib/mono/unityjit'
Mono config path = 'C:/Program Files/Unity/Hub/Editor/2020.3.7f1/Editor/Data/MonoBleedingEdge/etc'
Using monoOptions --debugger-agent=transport=dt_socket,embedding=1,server=y,suspend=n,address=127.0.0.1:56180
Begin MonoManager ReloadAssembly
Registering precompiled unity dll's ...
Register platform support module: C:/Program Files/Unity/Hub/Editor/2020.3.7f1/Editor/Data/PlaybackEngines/WindowsStandaloneSupport/UnityEditor.WindowsStandalone.Extensions.dll
Registered in 0.002825 seconds.
Native extension for WindowsStandalone target not found
Refreshing native plugins compatible for Editor in 53.33 ms, found 1 plugins.
Preloading 0 native plugins for Editor in 0.00 ms.
Mono: successfully reloaded assembly
- Completed reload, in  1.266 seconds
Platform modules already initialized, skipping
Registering precompiled user dll's ...
Registered in 0.001038 seconds.
Begin MonoManager ReloadAssembly
Native extension for WindowsStandalone target not found
Refreshing native plugins compatible for Editor in 63.49 ms, found 1 plugins.
Preloading 0 native plugins for Editor in 0.00 ms.
Mono: successfully reloaded assembly
- Completed reload, in  1.116 seconds
Platform modules already initialized, skipping
========================================================================
Worker process is ready to serve import requests
Launched and connected shader compiler UnityShaderCompiler.exe after 0.05 seconds
Refreshing native plugins compatible for Editor in 0.98 ms, found 1 plugins.
Preloading 0 native plugins for Editor in 0.00 ms.
Unloading 2051 Unused Serialized files (Serialized files now loaded: 0)
System memory in use before: 97.0 MB.
System memory in use after: 97.1 MB.

Unloading 20 unused Assets to reduce memory usage. Loaded Objects now: 2504.
Total: 3.824400 ms (FindLiveObjects: 0.286300 ms CreateObjectMapping: 0.106700 ms MarkObjects: 3.322300 ms  DeleteObjects: 0.107400 ms)

========================================================================
Received Import Request.
  path: Assets/Tilemap/GameScene_Tilemap.unity
  artifactKey: Guid(d7a08e41e24183a40b803c850a1790b0) Importer(815301076,1909f56bfc062723c751e8b465ee728b)
Start importing Assets/Tilemap/GameScene_Tilemap.unity using Guid(d7a08e41e24183a40b803c850a1790b0) Importer(815301076,1909f56bfc062723c751e8b465ee728b)  -> (artifact id: '8c532483aac70fc415c23b0543b7b1c8') in 0.020261 seconds
  Import took 0.077625 seconds .

========================================================================
Received Prepare
Registering precompiled user dll's ...
Registered in 0.000905 seconds.
Begin MonoManager ReloadAssembly
Native extension for WindowsStandalone target not found
Refreshing native plugins compatible for Editor in 0.54 ms, found 1 plugins.
Preloading 0 native plugins for Editor in 0.00 ms.
Mono: successfully reloaded assembly
- Completed reload, in  1.017 seconds
Platform modules already initialized, skipping
Refreshing native plugins compatible for Editor in 0.51 ms, found 1 plugins.
Preloading 0 native plugins for Editor in 0.00 ms.
Unloading 2019 Unused Serialized files (Serialized files now loaded: 0)
System memory in use before: 94.3 MB.
System memory in use after: 94.5 MB.

Unloading 9 unused Assets to reduce memory usage. Loaded Objects now: 2507.
Total: 2.267700 ms (FindLiveObjects: 0.246700 ms CreateObjectMapping: 0.086800 ms MarkObjects: 1.898200 ms  DeleteObjects: 0.034800 ms)

========================================================================
Received Prepare
Registering precompiled user dll's ...
Registered in 0.001202 seconds.
Begin MonoManager ReloadAssembly
Native extension for WindowsStandalone target not found
Refreshing native plugins compatible for Editor in 0.59 ms, found 1 plugins.
Preloading 0 native plugins for Editor in 0.00 ms.
Mono: successfully reloaded assembly
- Completed reload, in  1.287 seconds
Platform modules already initialized, skipping
Refreshing native plugins compatible for Editor in 0.83 ms, found 1 plugins.
Preloading 0 native plugins for Editor in 0.00 ms.
Unloading 2019 Unused Serialized files (Serialized files now loaded: 0)
System memory in use before: 94.4 MB.
System memory in use after: 94.5 MB.

Unloading 9 unused Assets to reduce memory usage. Loaded Objects now: 2510.
Total: 2.587800 ms (FindLiveObjects: 0.310700 ms CreateObjectMapping: 0.127800 ms MarkObjects: 2.125700 ms  DeleteObjects: 0.021700 ms)

========================================================================
Received Import Request.
  Time since last request: 5787.118841 seconds.
  path: Assets/Tilemap/Textures/Background_Tileset_2.mat
  artifactKey: Guid(ee9eb9cf104c2fe4da729e21477b4a84) Importer(815301076,1909f56bfc062723c751e8b465ee728b)
Start importing Assets/Tilemap/Textures/Background_Tileset_2.mat using Guid(ee9eb9cf104c2fe4da729e21477b4a84) Importer(815301076,1909f56bfc062723c751e8b465ee728b)  -> (artifact id: '040cf7860d3f757d738dc07cb9fb730c') in 0.181042 seconds
  Import took 0.185771 seconds .

========================================================================
Received Import Request.
  Time since last request: 0.000316 seconds.
  path: Assets/Tilemap/Textures/BlackRedYellowGreen.mat
  artifactKey: Guid(1323b19f37a453a4a9936361b9a0ef2f) Importer(815301076,1909f56bfc062723c751e8b465ee728b)
Start importing Assets/Tilemap/Textures/BlackRedYellowGreen.mat using Guid(1323b19f37a453a4a9936361b9a0ef2f) Importer(815301076,1909f56bfc062723c751e8b465ee728b)  -> (artifact id: '4672bc6c0e6a0c5ca35f64481299bfb9') in 0.025666 seconds
  Import took 0.031700 seconds .

========================================================================
Received Import Request.
  Time since last request: 0.000282 seconds.
  path: Assets/Tilemap/Textures/Background_Tileset_2.png
  artifactKey: Guid(3359303b0ad55714696b4fdf91c96ab9) Importer(815301076,1909f56bfc062723c751e8b465ee728b)
Start importing Assets/Tilemap/Textures/Background_Tileset_2.png using Guid(3359303b0ad55714696b4fdf91c96ab9) Importer(815301076,1909f56bfc062723c751e8b465ee728b)  -> (artifact id: 'be40f38afe9a5c3775cd70ac0e4c2e51') in 0.075428 seconds
  Import took 0.080083 seconds .

========================================================================
Received Import Request.
  Time since last request: 0.000280 seconds.
  path: Assets/Tilemap/Textures/Black_Red_Yellow_Green.png
  artifactKey: Guid(e2453aeee6dfbe04bbf9d5a0dbb73872) Importer(815301076,1909f56bfc062723c751e8b465ee728b)
Start importing Assets/Tilemap/Textures/Black_Red_Yellow_Green.png using Guid(e2453aeee6dfbe04bbf9d5a0dbb73872) Importer(815301076,1909f56bfc062723c751e8b465ee728b)  -> (artifact id: '424a499252a6fff1b9eee87e77883055') in 0.016970 seconds
  Import took 0.046744 seconds .

========================================================================
Received Import Request.
  Time since last request: 19.255605 seconds.
  path: Assets/Tilemap/Scripts/SaveSystem.cs
  artifactKey: Guid(58c633e8f6715a943bda466ad5dd1f87) Importer(815301076,1909f56bfc062723c751e8b465ee728b)
Start importing Assets/Tilemap/Scripts/SaveSystem.cs using Guid(58c633e8f6715a943bda466ad5dd1f87) Importer(815301076,1909f56bfc062723c751e8b465ee728b)  -> (artifact id: 'f4be0319c5218e7304da173227f16acf') in 0.083045 seconds
  Import took 0.086405 seconds .

========================================================================
Received Prepare
Registering precompiled user dll's ...
Registered in 0.001093 seconds.
Begin MonoManager ReloadAssembly
Native extension for WindowsStandalone target not found
Refreshing native plugins compatible for Editor in 0.51 ms, found 1 plugins.
Preloading 0 native plugins for Editor in 0.00 ms.
Mono: successfully reloaded assembly
- Completed reload, in  1.129 seconds
Platform modules already initialized, skipping
Refreshing native plugins compatible for Editor in 0.68 ms, found 1 plugins.
Preloading 0 native plugins for Editor in 0.00 ms.
Unloading 2019 Unused Serialized files (Serialized files now loaded: 0)
System memory in use before: 97.6 MB.
System memory in use after: 97.7 MB.

Unloading 9 unused Assets to reduce memory usage. Loaded Objects now: 2558.
Total: 2.522800 ms (FindLiveObjects: 0.392200 ms CreateObjectMapping: 0.143200 ms MarkObjects: 1.964600 ms  DeleteObjects: 0.020900 ms)

========================================================================
Received Import Request.
  Time since last request: 50.733677 seconds.
  path: Assets/Saves/save.txt
  artifactKey: Guid(5adbe3c211c08dc419b7f458960463e1) Importer(815301076,1909f56bfc062723c751e8b465ee728b)
Start importing Assets/Saves/save.txt using Guid(5adbe3c211c08dc419b7f458960463e1) Importer(815301076,1909f56bfc062723c751e8b465ee728b)  -> (artifact id: 'd21427f969fdcb2a3df1d9a9b49cbfb4') in 0.025995 seconds
  Import took 0.030029 seconds .

========================================================================
Received Import Request.
  Time since last request: 1.272756 seconds.
  path: Assets/Saves/save_2.txt
  artifactKey: Guid(5d5a1baf9c99a9949acd7944d95a8c9f) Importer(815301076,1909f56bfc062723c751e8b465ee728b)
Start importing Assets/Saves/save_2.txt using Guid(5d5a1baf9c99a9949acd7944d95a8c9f) Importer(815301076,1909f56bfc062723c751e8b465ee728b)  -> (artifact id: '321764f2b70d53257a4d9927a9859e0d') in 0.008725 seconds
  Import took 0.013155 seconds .

========================================================================
Received Import Request.
  Time since last request: 1.382470 seconds.
  path: Assets/Saves/save_3.txt
  artifactKey: Guid(2db30b56def543540876697aa8bf0e9f) Importer(815301076,1909f56bfc062723c751e8b465ee728b)
Start importing Assets/Saves/save_3.txt using Guid(2db30b56def543540876697aa8bf0e9f) Importer(815301076,1909f56bfc062723c751e8b465ee728b)  -> (artifact id: 'aadf3b2bf570fc940e0674cf56d40bc2') in 0.007598 seconds
  Import took 0.036346 seconds .

========================================================================
Received Import Request.
  Time since last request: 1179.502311 seconds.
  path: Assets/Tilemap/Scripts/Tilemap.cs
  artifactKey: Guid(96b310c7983194b4ca98ca5a670cfc08) Importer(815301076,1909f56bfc062723c751e8b465ee728b)
Start importing Assets/Tilemap/Scripts/Tilemap.cs using Guid(96b310c7983194b4ca98ca5a670cfc08) Importer(815301076,1909f56bfc062723c751e8b465ee728b)  -> (artifact id: '48f07f7eb65e32e6985b5f957aedd465') in 0.007733 seconds
  Import took 0.041247 seconds .

========================================================================
Received Prepare
Registering precompiled user dll's ...
Registered in 0.002373 seconds.
Begin MonoManager ReloadAssembly
Native extension for WindowsStandalone target not found
Refreshing native plugins compatible for Editor in 0.68 ms, found 1 plugins.
Preloading 0 native plugins for Editor in 0.00 ms.
Mono: successfully reloaded assembly
- Completed reload, in  1.242 seconds
Platform modules already initialized, skipping
Refreshing native plugins compatible for Editor in 0.51 ms, found 1 plugins.
Preloading 0 native plugins for Editor in 0.00 ms.
Unloading 2019 Unused Serialized files (Serialized files now loaded: 0)
System memory in use before: 97.6 MB.
System memory in use after: 97.7 MB.

Unloading 9 unused Assets to reduce memory usage. Loaded Objects now: 2561.
Total: 2.367000 ms (FindLiveObjects: 0.319300 ms CreateObjectMapping: 0.139100 ms MarkObjects: 1.886300 ms  DeleteObjects: 0.020800 ms)

========================================================================
Received Import Request.
  Time since last request: 772.735029 seconds.
  path: Assets/Tilemap/Scripts
  artifactKey: Guid(5fe5f07a6661e464995f0600533b1533) Importer(815301076,1909f56bfc062723c751e8b465ee728b)
Start importing Assets/Tilemap/Scripts using Guid(5fe5f07a6661e464995f0600533b1533) Importer(815301076,1909f56bfc062723c751e8b465ee728b)  -> (artifact id: '442a97e72347dffd2fafeadb3a382496') in 0.014347 seconds
  Import took 0.045205 seconds .

========================================================================
Received Import Request.
  Time since last request: 2.235420 seconds.
  path: Assets/Tilemap/Scripts/HeatMapVisual.cs
  artifactKey: Guid(af40be644fe111c42a723dfec3847511) Importer(815301076,1909f56bfc062723c751e8b465ee728b)
Start importing Assets/Tilemap/Scripts/HeatMapVisual.cs using Guid(af40be644fe111c42a723dfec3847511) Importer(815301076,1909f56bfc062723c751e8b465ee728b)  -> (artifact id: 'dcc6be37e60aa99539e049f6301e124c') in 0.007512 seconds
  Import took 0.010851 seconds .

========================================================================
Received Prepare
Registering precompiled user dll's ...
Registered in 0.001464 seconds.
Begin MonoManager ReloadAssembly
Native extension for WindowsStandalone target not found
Refreshing native plugins compatible for Editor in 0.53 ms, found 1 plugins.
Preloading 0 native plugins for Editor in 0.00 ms.
Mono: successfully reloaded assembly
- Completed reload, in  1.037 seconds
Platform modules already initialized, skipping
Refreshing native plugins compatible for Editor in 0.56 ms, found 1 plugins.
Preloading 0 native plugins for Editor in 0.00 ms.
Unloading 2019 Unused Serialized files (Serialized files now loaded: 0)
System memory in use before: 97.6 MB.
System memory in use after: 97.8 MB.

Unloading 9 unused Assets to reduce memory usage. Loaded Objects now: 2564.
Total: 2.943800 ms (FindLiveObjects: 0.418800 ms CreateObjectMapping: 0.266700 ms MarkObjects: 2.219000 ms  DeleteObjects: 0.037900 ms)

========================================================================
Received Prepare
Registering precompiled user dll's ...
Registered in 0.001340 seconds.
Begin MonoManager ReloadAssembly
Native extension for WindowsStandalone target not found
Refreshing native plugins compatible for Editor in 0.65 ms, found 1 plugins.
Preloading 0 native plugins for Editor in 0.00 ms.
Mono: successfully reloaded assembly
- Completed reload, in  1.278 seconds
Platform modules already initialized, skipping
Refreshing native plugins compatible for Editor in 0.60 ms, found 1 plugins.
Preloading 0 native plugins for Editor in 0.00 ms.
Unloading 2019 Unused Serialized files (Serialized files now loaded: 0)
System memory in use before: 97.6 MB.
System memory in use after: 97.8 MB.

Unloading 9 unused Assets to reduce memory usage. Loaded Objects now: 2567.
Total: 3.477500 ms (FindLiveObjects: 0.218000 ms CreateObjectMapping: 0.095100 ms MarkObjects: 3.135100 ms  DeleteObjects: 0.027000 ms)

========================================================================
Received Import Request.
  Time since last request: 533.942131 seconds.
  path: Assets/Tilemap/Textures
  artifactKey: Guid(bad577db97414ee4fabc2bbbb53d9878) Importer(815301076,1909f56bfc062723c751e8b465ee728b)
Start importing Assets/Tilemap/Textures using Guid(bad577db97414ee4fabc2bbbb53d9878) Importer(815301076,1909f56bfc062723c751e8b465ee728b)  -> (artifact id: 'abfcf34c979653ad09c5c37eb12d1183') in 0.012080 seconds
  Import took 0.017022 seconds .

========================================================================
Received Import Request.
  Time since last request: 446.303094 seconds.
  path: Assets/_/Stuff/Textures/White_1x1.png
  artifactKey: Guid(2ec500925d1a8a649ab687b33c19477f) Importer(815301076,1909f56bfc062723c751e8b465ee728b)
Start importing Assets/_/Stuff/Textures/White_1x1.png using Guid(2ec500925d1a8a649ab687b33c19477f) Importer(815301076,1909f56bfc062723c751e8b465ee728b)  -> (artifact id: 'b0b9754aa0ab42064f1c522a8d63cc63') in 0.055532 seconds
  Import took 0.059876 seconds .

========================================================================
Received Import Request.
  Time since last request: 6.385182 seconds.
  path: Assets/DreamLands/Textures/Import
  artifactKey: Guid(e8349923d3e9aae43b4641ddcf52a233) Importer(815301076,1909f56bfc062723c751e8b465ee728b)
Start importing Assets/DreamLands/Textures/Import using Guid(e8349923d3e9aae43b4641ddcf52a233) Importer(815301076,1909f56bfc062723c751e8b465ee728b)  -> (artifact id: 'de09a390a14c8718615122ed122b4d2b') in 0.007901 seconds
  Import took 0.012401 seconds .

========================================================================
Received Import Request.
  Time since last request: 0.001540 seconds.
  path: Assets/DreamLands/Textures/Import
  artifactKey: Guid(e8349923d3e9aae43b4641ddcf52a233) Importer(815301076,1909f56bfc062723c751e8b465ee728b)
Start importing Assets/DreamLands/Textures/Import using Guid(e8349923d3e9aae43b4641ddcf52a233) Importer(815301076,1909f56bfc062723c751e8b465ee728b)  -> (artifact id: 'de09a390a14c8718615122ed122b4d2b') in 0.001736 seconds
  Import took 0.005392 seconds .

========================================================================
Received Import Request.
  Time since last request: 43.948117 seconds.
  path: Assets/DreamLands/Textures/Import/Tile-Chemin-V1/tile
  artifactKey: Guid(8332c6b88eb0d1442b1482e10cbbc2af) Importer(815301076,1909f56bfc062723c751e8b465ee728b)
Start importing Assets/DreamLands/Textures/Import/Tile-Chemin-V1/tile using Guid(8332c6b88eb0d1442b1482e10cbbc2af) Importer(815301076,1909f56bfc062723c751e8b465ee728b)  -> (artifact id: '6a7b547ef86f4169ecc0f44abcce4a6f') in 0.008890 seconds
  Import took 0.013208 seconds .

========================================================================
Received Import Request.
  Time since last request: 0.001131 seconds.
  path: Assets/DreamLands/Textures/Import/Tile-Chemin-V1/tile
  artifactKey: Guid(8332c6b88eb0d1442b1482e10cbbc2af) Importer(815301076,1909f56bfc062723c751e8b465ee728b)
Start importing Assets/DreamLands/Textures/Import/Tile-Chemin-V1/tile using Guid(8332c6b88eb0d1442b1482e10cbbc2af) Importer(815301076,1909f56bfc062723c751e8b465ee728b)  -> (artifact id: '6a7b547ef86f4169ecc0f44abcce4a6f') in 0.002308 seconds
  Import took 0.006385 seconds .

========================================================================
Received Import Request.
  Time since last request: 0.147540 seconds.
  path: Assets/DreamLands/Textures/Import/Tile-Chemin-V1/tile/tile-chemin-v1_0.asset
  artifactKey: Guid(550d493a57f7b984488f1f7f7a6c86fb) Importer(815301076,1909f56bfc062723c751e8b465ee728b)
Start importing Assets/DreamLands/Textures/Import/Tile-Chemin-V1/tile/tile-chemin-v1_0.asset using Guid(550d493a57f7b984488f1f7f7a6c86fb) Importer(815301076,1909f56bfc062723c751e8b465ee728b)  -> (artifact id: '2bad24f624d35e293283d4436c04eb21') in 0.037251 seconds
  Import took 0.041565 seconds .

========================================================================
Received Import Request.
  Time since last request: 0.000305 seconds.
  path: Assets/DreamLands/Textures/Import/Tile-Chemin-V1/tile/tile-chemin-v1_3.asset
  artifactKey: Guid(5e859f4d3fce60b4d832223c35d9f3ef) Importer(815301076,1909f56bfc062723c751e8b465ee728b)
Start importing Assets/DreamLands/Textures/Import/Tile-Chemin-V1/tile/tile-chemin-v1_3.asset using Guid(5e859f4d3fce60b4d832223c35d9f3ef) Importer(815301076,1909f56bfc062723c751e8b465ee728b)  -> (artifact id: 'c47df28eecd13b06f1ec5ba127f2ec51') in 0.010758 seconds
  Import took 0.014627 seconds .

========================================================================
Received Import Request.
  Time since last request: 0.000289 seconds.
  path: Assets/DreamLands/Textures/Import/Tile-Chemin-V1/tile/tile-chemin-v1_8.asset
  artifactKey: Guid(3f4e121a962d31e49befa3e0926168b5) Importer(815301076,1909f56bfc062723c751e8b465ee728b)
Start importing Assets/DreamLands/Textures/Import/Tile-Chemin-V1/tile/tile-chemin-v1_8.asset using Guid(3f4e121a962d31e49befa3e0926168b5) Importer(815301076,1909f56bfc062723c751e8b465ee728b)  -> (artifact id: '273282092a0e3c2072577a7c495baf66') in 0.013275 seconds
  Import took 0.017476 seconds .

========================================================================
Received Import Request.
  Time since last request: 0.000300 seconds.
  path: Assets/DreamLands/Textures/Import/Tile-Chemin-V1/tile/tile-chemin-v1_7.asset
  artifactKey: Guid(0ad76201543cf2b478b65335d400dccf) Importer(815301076,1909f56bfc062723c751e8b465ee728b)
Start importing Assets/DreamLands/Textures/Import/Tile-Chemin-V1/tile/tile-chemin-v1_7.asset using Guid(0ad76201543cf2b478b65335d400dccf) Importer(815301076,1909f56bfc062723c751e8b465ee728b)  -> (artifact id: '5534584a20658c360870973e48cef90b') in 0.010567 seconds
  Import took 0.014168 seconds .

========================================================================
Received Import Request.
  Time since last request: 0.000375 seconds.
  path: Assets/DreamLands/Textures/Import/Tile-Chemin-V1/tile/tile-chemin-v1_1.asset
  artifactKey: Guid(075b3f19dbc4dc647879aa1914d892e9) Importer(815301076,1909f56bfc062723c751e8b465ee728b)
Start importing Assets/DreamLands/Textures/Import/Tile-Chemin-V1/tile/tile-chemin-v1_1.asset using Guid(075b3f19dbc4dc647879aa1914d892e9) Importer(815301076,1909f56bfc062723c751e8b465ee728b)  -> (artifact id: '499ac012c8208c83d29997beda3042ae') in 0.011053 seconds
  Import took 0.014948 seconds .

========================================================================
Received Import Request.
  Time since last request: 0.000280 seconds.
  path: Assets/DreamLands/Textures/Import/Tile-Chemin-V1/tile/tile-chemin-v1_13.asset
  artifactKey: Guid(a8f4602ebb6bec942b93ea7c8e747f88) Importer(815301076,1909f56bfc062723c751e8b465ee728b)
Start importing Assets/DreamLands/Textures/Import/Tile-Chemin-V1/tile/tile-chemin-v1_13.asset using Guid(a8f4602ebb6bec942b93ea7c8e747f88) Importer(815301076,1909f56bfc062723c751e8b465ee728b)  -> (artifact id: 'a2ac767ef9a0c1cd1c5f9007482943f6') in 0.011975 seconds
  Import took 0.017011 seconds .

========================================================================
Received Import Request.
  Time since last request: 0.000318 seconds.
  path: Assets/DreamLands/Textures/Import/Tile-Chemin-V1/tile/tile-chemin-v1_6.asset
  artifactKey: Guid(6cdd186503e21784c8d038bb3c30c11e) Importer(815301076,1909f56bfc062723c751e8b465ee728b)
Start importing Assets/DreamLands/Textures/Import/Tile-Chemin-V1/tile/tile-chemin-v1_6.asset using Guid(6cdd186503e21784c8d038bb3c30c11e) Importer(815301076,1909f56bfc062723c751e8b465ee728b)  -> (artifact id: '81d5cfc32f613192142ba8e6ab88414d') in 0.010366 seconds
  Import took 0.014978 seconds .

========================================================================
Received Import Request.
  Time since last request: 0.000286 seconds.
  path: Assets/DreamLands/Textures/Import/Tile-Chemin-V1/tile/tile-chemin-v1_12.asset
  artifactKey: Guid(24415056c2e373742a56f54b50cfadcf) Importer(815301076,1909f56bfc062723c751e8b465ee728b)
Start importing Assets/DreamLands/Textures/Import/Tile-Chemin-V1/tile/tile-chemin-v1_12.asset using Guid(24415056c2e373742a56f54b50cfadcf) Importer(815301076,1909f56bfc062723c751e8b465ee728b)  -> (artifact id: '8be1cda8120483653371b8e12d940347') in 0.010519 seconds
  Import took 0.014899 seconds .

========================================================================
Received Import Request.
  Time since last request: 0.000255 seconds.
  path: Assets/DreamLands/Textures/Import/Tile-Chemin-V1/tile/tile-chemin-v1_4.asset
  artifactKey: Guid(5bf4a75cb5d67734bb95158ae9035875) Importer(815301076,1909f56bfc062723c751e8b465ee728b)
Start importing Assets/DreamLands/Textures/Import/Tile-Chemin-V1/tile/tile-chemin-v1_4.asset using Guid(5bf4a75cb5d67734bb95158ae9035875) Importer(815301076,1909f56bfc062723c751e8b465ee728b)  -> (artifact id: '62f479a649f8a530ea1d275665e7a95a') in 0.011386 seconds
  Import took 0.015005 seconds .

========================================================================
Received Import Request.
  Time since last request: 0.000282 seconds.
  path: Assets/DreamLands/Textures/Import/Tile-Chemin-V1/tile/tile-chemin-v1_10.asset
  artifactKey: Guid(51290b7c59e0a9e489f3eb0ab5f67268) Importer(815301076,1909f56bfc062723c751e8b465ee728b)
Start importing Assets/DreamLands/Textures/Import/Tile-Chemin-V1/tile/tile-chemin-v1_10.asset using Guid(51290b7c59e0a9e489f3eb0ab5f67268) Importer(815301076,1909f56bfc062723c751e8b465ee728b)  -> (artifact id: '1e679e153fc461efd7a625fc3b07ff79') in 0.011456 seconds
  Import took 0.014718 seconds .

========================================================================
Received Import Request.
  Time since last request: 0.000228 seconds.
  path: Assets/DreamLands/Textures/Import/Tile-Chemin-V1/tile/tile-chemin-v1_15.asset
  artifactKey: Guid(074a93a33c896e143a15dfe3cab65a78) Importer(815301076,1909f56bfc062723c751e8b465ee728b)
Start importing Assets/DreamLands/Textures/Import/Tile-Chemin-V1/tile/tile-chemin-v1_15.asset using Guid(074a93a33c896e143a15dfe3cab65a78) Importer(815301076,1909f56bfc062723c751e8b465ee728b)  -> (artifact id: '09f70a3f9cf06ba6456f96c244ee2224') in 0.012551 seconds
  Import took 0.015820 seconds .

========================================================================
Received Import Request.
  Time since last request: 0.000239 seconds.
  path: Assets/DreamLands/Textures/Import/Tile-Chemin-V1/tile/tile-chemin-v1_14.asset
  artifactKey: Guid(10e2c2f752d48cc47b55c91837b264f3) Importer(815301076,1909f56bfc062723c751e8b465ee728b)
Start importing Assets/DreamLands/Textures/Import/Tile-Chemin-V1/tile/tile-chemin-v1_14.asset using Guid(10e2c2f752d48cc47b55c91837b264f3) Importer(815301076,1909f56bfc062723c751e8b465ee728b)  -> (artifact id: 'f576b794feb6fe5d0cfb71f4e997333d') in 0.011274 seconds
  Import took 0.016160 seconds .

========================================================================
Received Import Request.
  Time since last request: 0.000248 seconds.
  path: Assets/DreamLands/Textures/Import/Tile-Chemin-V1/tile/tile-chemin-v1_11.asset
  artifactKey: Guid(0c4a495993df1bd4fa82764d45706887) Importer(815301076,1909f56bfc062723c751e8b465ee728b)
Start importing Assets/DreamLands/Textures/Import/Tile-Chemin-V1/tile/tile-chemin-v1_11.asset using Guid(0c4a495993df1bd4fa82764d45706887) Importer(815301076,1909f56bfc062723c751e8b465ee728b)  -> (artifact id: '5219ade931a654b048615c14bca84bbe') in 0.012599 seconds
  Import took 0.016101 seconds .

========================================================================
Received Import Request.
  Time since last request: 0.000248 seconds.
  path: Assets/DreamLands/Textures/Import/Tile-Chemin-V1/tile/tile-chemin-v1_2.asset
  artifactKey: Guid(087f4e02df9b5a246b2295ae44709417) Importer(815301076,1909f56bfc062723c751e8b465ee728b)
Start importing Assets/DreamLands/Textures/Import/Tile-Chemin-V1/tile/tile-chemin-v1_2.asset using Guid(087f4e02df9b5a246b2295ae44709417) Importer(815301076,1909f56bfc062723c751e8b465ee728b)  -> (artifact id: '4ee35fa427f01a3d20b4324284c9a8f6') in 0.012198 seconds
  Import took 0.016171 seconds .

========================================================================
Received Import Request.
  Time since last request: 0.000252 seconds.
  path: Assets/DreamLands/Textures/Import/Tile-Chemin-V1/tile/tile-chemin-v1_5.asset
  artifactKey: Guid(da0707286a53ad4459fc9b69aaf37f4e) Importer(815301076,1909f56bfc062723c751e8b465ee728b)
Start importing Assets/DreamLands/Textures/Import/Tile-Chemin-V1/tile/tile-chemin-v1_5.asset using Guid(da0707286a53ad4459fc9b69aaf37f4e) Importer(815301076,1909f56bfc062723c751e8b465ee728b)  -> (artifact id: '47521cc4409625220147dc761865b3e8') in 0.011176 seconds
  Import took 0.015479 seconds .

========================================================================
Received Import Request.
  Time since last request: 0.000293 seconds.
  path: Assets/DreamLands/Textures/Import/Tile-Chemin-V1/tile/tile-chemin-v1_9.asset
  artifactKey: Guid(c2a5a04f31ff9594f9ed1e790a493f07) Importer(815301076,1909f56bfc062723c751e8b465ee728b)
Start importing Assets/DreamLands/Textures/Import/Tile-Chemin-V1/tile/tile-chemin-v1_9.asset using Guid(c2a5a04f31ff9594f9ed1e790a493f07) Importer(815301076,1909f56bfc062723c751e8b465ee728b)  -> (artifact id: 'b1a57fc881168e4c8c909e8d4e1ae607') in 0.011254 seconds
  Import took 0.015999 seconds .

========================================================================
Received Import Request.
  Time since last request: 277.710517 seconds.
  path: Assets/DreamLands/Textures/Import/Tile-Chemin-V1/tile-chemin-v1_0 1.asset
  artifactKey: Guid(b8c20c9c366da6d47aed15fe4cd69817) Importer(815301076,1909f56bfc062723c751e8b465ee728b)
Start importing Assets/DreamLands/Textures/Import/Tile-Chemin-V1/tile-chemin-v1_0 1.asset using Guid(b8c20c9c366da6d47aed15fe4cd69817) Importer(815301076,1909f56bfc062723c751e8b465ee728b)  -> (artifact id: '40e25dcfa2e6a3084fba1aaff34257f7') in 0.013884 seconds
  Import took 0.018850 seconds .

========================================================================
Received Import Request.
  Time since last request: 33.697621 seconds.
  path: Assets/DreamLands/Textures/Import/Tile-Chemin-V1/RuleTile.mat
  artifactKey: Guid(1323b19f37a453a4a9936361b9a0ef2f) Importer(815301076,1909f56bfc062723c751e8b465ee728b)
Start importing Assets/DreamLands/Textures/Import/Tile-Chemin-V1/RuleTile.mat using Guid(1323b19f37a453a4a9936361b9a0ef2f) Importer(815301076,1909f56bfc062723c751e8b465ee728b)  -> (artifact id: '96dc24686db1ae2e728e73b6879350c5') in 0.039422 seconds
  Import took 0.044135 seconds .

========================================================================
Received Import Request.
  Time since last request: 51.997498 seconds.
  path: Assets/DreamLands/Textures/Import/Tile-Chemin-V1/NewUnlitShader.shader
  artifactKey: Guid(2f3ff2c6d92b90b468e957f55b5a4b77) Importer(815301076,1909f56bfc062723c751e8b465ee728b)
Start importing Assets/DreamLands/Textures/Import/Tile-Chemin-V1/NewUnlitShader.shader using Guid(2f3ff2c6d92b90b468e957f55b5a4b77) Importer(815301076,1909f56bfc062723c751e8b465ee728b)  -> (artifact id: 'e7932b9f9ab80678f9088fed4b8c0eb8') in 0.014474 seconds
  Import took 0.019323 seconds .

========================================================================
Received Import Request.
  Time since last request: 61.305088 seconds.
  path: Assets/DreamLands/Textures/Import/Tile-Chemin-V1/New Material.mat
  artifactKey: Guid(59ee207223f218e4aad701930edecfd9) Importer(815301076,1909f56bfc062723c751e8b465ee728b)
Start importing Assets/DreamLands/Textures/Import/Tile-Chemin-V1/New Material.mat using Guid(59ee207223f218e4aad701930edecfd9) Importer(815301076,1909f56bfc062723c751e8b465ee728b)  -> (artifact id: '425ad8c344685fbf3ff483747c91d6e3') in 0.039193 seconds
  Import took 0.043922 seconds .

========================================================================
Received Import Request.
  Time since last request: 23.793744 seconds.
  path: Assets/Tilemap/Textures/BlackRedYellowGreen 1.mat
  artifactKey: Guid(c7337dfa0f54aee46833c41f34972666) Importer(815301076,1909f56bfc062723c751e8b465ee728b)
Start importing Assets/Tilemap/Textures/BlackRedYellowGreen 1.mat using Guid(c7337dfa0f54aee46833c41f34972666) Importer(815301076,1909f56bfc062723c751e8b465ee728b)  -> (artifact id: '7d924b743b6be043eb0bae70475741e3') in 0.012647 seconds
  Import took 0.017233 seconds .

========================================================================
Received Import Request.
  Time since last request: 5417.680561 seconds.
  path: Assets/Tilemap
  artifactKey: Guid(18965877a30df6a4c9d0b7783f84ef8a) Importer(815301076,1909f56bfc062723c751e8b465ee728b)
Start importing Assets/Tilemap using Guid(18965877a30df6a4c9d0b7783f84ef8a) Importer(815301076,1909f56bfc062723c751e8b465ee728b)  -> (artifact id: 'b3bb4a2ca2568458f91f38ef0b919a45') in 0.008012 seconds
  Import took 0.019584 seconds .

========================================================================
Received Prepare
Registering precompiled user dll's ...
Registered in 0.001110 seconds.
Begin MonoManager ReloadAssembly
Native extension for WindowsStandalone target not found
Refreshing native plugins compatible for Editor in 0.53 ms, found 1 plugins.
Preloading 0 native plugins for Editor in 0.00 ms.
Mono: successfully reloaded assembly
- Completed reload, in  1.085 seconds
Platform modules already initialized, skipping
Refreshing native plugins compatible for Editor in 0.50 ms, found 1 plugins.
Preloading 0 native plugins for Editor in 0.00 ms.
Unloading 2019 Unused Serialized files (Serialized files now loaded: 0)
System memory in use before: 97.7 MB.
System memory in use after: 97.8 MB.

Unloading 9 unused Assets to reduce memory usage. Loaded Objects now: 2576.
Total: 2.438500 ms (FindLiveObjects: 0.284000 ms CreateObjectMapping: 0.107100 ms MarkObjects: 1.998200 ms  DeleteObjects: 0.047900 ms)

========================================================================
Received Import Request.
  Time since last request: 2126.597192 seconds.
  path: Assets/DreamLands/Srcipt/Map/TileMap.cs
  artifactKey: Guid(ef1ec1f5f2b82f64fac703efe6f8f678) Importer(815301076,1909f56bfc062723c751e8b465ee728b)
Start importing Assets/DreamLands/Srcipt/Map/TileMap.cs using Guid(ef1ec1f5f2b82f64fac703efe6f8f678) Importer(815301076,1909f56bfc062723c751e8b465ee728b)  -> (artifact id: '3ff63691cab9a213f641769741ed2569') in 0.013475 seconds
  Import took 0.018438 seconds .

========================================================================
Received Import Request.
  Time since last request: 0.002816 seconds.
  path: Assets/DreamLands/Srcipt/Map/TileMap.cs
  artifactKey: Guid(ef1ec1f5f2b82f64fac703efe6f8f678) Importer(815301076,1909f56bfc062723c751e8b465ee728b)
Start importing Assets/DreamLands/Srcipt/Map/TileMap.cs using Guid(ef1ec1f5f2b82f64fac703efe6f8f678) Importer(815301076,1909f56bfc062723c751e8b465ee728b)  -> (artifact id: '3ff63691cab9a213f641769741ed2569') in 0.002421 seconds
  Import took 0.006657 seconds .

========================================================================
Received Import Request.
  Time since last request: 9.549982 seconds.
  path: Assets/DreamLands/Srcipt/Map/TileMapScript.cs
  artifactKey: Guid(ef1ec1f5f2b82f64fac703efe6f8f678) Importer(815301076,1909f56bfc062723c751e8b465ee728b)
Start importing Assets/DreamLands/Srcipt/Map/TileMapScript.cs using Guid(ef1ec1f5f2b82f64fac703efe6f8f678) Importer(815301076,1909f56bfc062723c751e8b465ee728b)  -> (artifact id: 'd3530c32009b8a9e0dcb59001f4dae05') in 0.008339 seconds
  Import took 0.014025 seconds .

========================================================================
Received Import Request.
  Time since last request: 37.036578 seconds.
  path: Assets/DreamLands/Srcipt/Map/TileMapScript.cs
  artifactKey: Guid(ef1ec1f5f2b82f64fac703efe6f8f678) Importer(815301076,1909f56bfc062723c751e8b465ee728b)
Start importing Assets/DreamLands/Srcipt/Map/TileMapScript.cs using Guid(ef1ec1f5f2b82f64fac703efe6f8f678) Importer(815301076,1909f56bfc062723c751e8b465ee728b)  -> (artifact id: 'de83ec59e71142ff205df772a4fffb95') in 0.002220 seconds
  Import took 0.005856 seconds .

========================================================================
Received Import Request.
  Time since last request: 20.392526 seconds.
  path: Assets/DreamLands/Srcipt/Map/World.cs
  artifactKey: Guid(7f134a15104241447af4ff0cfd33fe9e) Importer(815301076,1909f56bfc062723c751e8b465ee728b)
Start importing Assets/DreamLands/Srcipt/Map/World.cs using Guid(7f134a15104241447af4ff0cfd33fe9e) Importer(815301076,1909f56bfc062723c751e8b465ee728b)  -> (artifact id: 'a496019f24ccaf1eac8d67b3b586801f') in 0.008564 seconds
  Import took 0.012581 seconds .

========================================================================
Received Import Request.
  Time since last request: 17.030035 seconds.
  path: Assets/DreamLands/Srcipt/Map/TileMap.cs
  artifactKey: Guid(93b4ab61b55ea7741b17f19fe4014cc3) Importer(815301076,1909f56bfc062723c751e8b465ee728b)
Start importing Assets/DreamLands/Srcipt/Map/TileMap.cs using Guid(93b4ab61b55ea7741b17f19fe4014cc3) Importer(815301076,1909f56bfc062723c751e8b465ee728b)  -> (artifact id: '6ec3b7d59f6f1dea358843e8d1de2e79') in 0.001859 seconds
  Import took 0.005765 seconds .

========================================================================
Received Import Request.
  Time since last request: 8.747156 seconds.
  path: Assets/DreamLands/Srcipt/Map/TileMapScript.cs
  artifactKey: Guid(ef1ec1f5f2b82f64fac703efe6f8f678) Importer(815301076,1909f56bfc062723c751e8b465ee728b)
Start importing Assets/DreamLands/Srcipt/Map/TileMapScript.cs using Guid(ef1ec1f5f2b82f64fac703efe6f8f678) Importer(815301076,1909f56bfc062723c751e8b465ee728b)  -> (artifact id: 'be021a52c5ca8ca9f41e8909a5e03885') in 0.003876 seconds
  Import took 0.008875 seconds .

========================================================================
Received Import Request.
  Time since last request: 90.010681 seconds.
  path: Assets/DreamLands/Srcipt/Map/TileMapScript.cs
  artifactKey: Guid(ef1ec1f5f2b82f64fac703efe6f8f678) Importer(815301076,1909f56bfc062723c751e8b465ee728b)
Start importing Assets/DreamLands/Srcipt/Map/TileMapScript.cs using Guid(ef1ec1f5f2b82f64fac703efe6f8f678) Importer(815301076,1909f56bfc062723c751e8b465ee728b)  -> (artifact id: 'd87bca885095f0079737a26a3145f517') in 0.002241 seconds
  Import took 0.006537 seconds .

========================================================================
Received Import Request.
  Time since last request: 3.346036 seconds.
  path: Assets/DreamLands/Srcipt/Map/Grid.cs
  artifactKey: Guid(de722f61d0053fd4d85ec698a982cd2b) Importer(815301076,1909f56bfc062723c751e8b465ee728b)
Start importing Assets/DreamLands/Srcipt/Map/Grid.cs using Guid(de722f61d0053fd4d85ec698a982cd2b) Importer(815301076,1909f56bfc062723c751e8b465ee728b)  -> (artifact id: 'c17be2771f0b28c691a540e3f8c85583') in 0.006678 seconds
  Import took 0.010533 seconds .

========================================================================
Received Import Request.
  Time since last request: 0.000954 seconds.
  path: Assets/DreamLands/Srcipt/Map/Grid.cs
  artifactKey: Guid(de722f61d0053fd4d85ec698a982cd2b) Importer(815301076,1909f56bfc062723c751e8b465ee728b)
Start importing Assets/DreamLands/Srcipt/Map/Grid.cs using Guid(de722f61d0053fd4d85ec698a982cd2b) Importer(815301076,1909f56bfc062723c751e8b465ee728b)  -> (artifact id: 'c17be2771f0b28c691a540e3f8c85583') in 0.002179 seconds
  Import took 0.006195 seconds .

========================================================================
Received Prepare
Registering precompiled user dll's ...
Registered in 0.001579 seconds.
Begin MonoManager ReloadAssembly
Native extension for WindowsStandalone target not found
Refreshing native plugins compatible for Editor in 0.42 ms, found 1 plugins.
Preloading 0 native plugins for Editor in 0.00 ms.
Mono: successfully reloaded assembly
- Completed reload, in  1.031 seconds
Platform modules already initialized, skipping
Refreshing native plugins compatible for Editor in 0.44 ms, found 1 plugins.
Preloading 0 native plugins for Editor in 0.00 ms.
Unloading 1968 Unused Serialized files (Serialized files now loaded: 0)
System memory in use before: 96.7 MB.
System memory in use after: 96.8 MB.

Unloading 9 unused Assets to reduce memory usage. Loaded Objects now: 2580.
Total: 2.259900 ms (FindLiveObjects: 0.222700 ms CreateObjectMapping: 0.069000 ms MarkObjects: 1.932600 ms  DeleteObjects: 0.034400 ms)

========================================================================
Received Prepare
Registering precompiled user dll's ...
Registered in 0.001125 seconds.
Begin MonoManager ReloadAssembly
Native extension for WindowsStandalone target not found
Refreshing native plugins compatible for Editor in 0.62 ms, found 1 plugins.
Preloading 0 native plugins for Editor in 0.00 ms.
Mono: successfully reloaded assembly
- Completed reload, in  1.053 seconds
Platform modules already initialized, skipping
Refreshing native plugins compatible for Editor in 0.58 ms, found 1 plugins.
Preloading 0 native plugins for Editor in 0.00 ms.
Unloading 1968 Unused Serialized files (Serialized files now loaded: 0)
System memory in use before: 96.7 MB.
System memory in use after: 96.8 MB.

Unloading 9 unused Assets to reduce memory usage. Loaded Objects now: 2583.
Total: 2.926700 ms (FindLiveObjects: 0.563400 ms CreateObjectMapping: 0.182000 ms MarkObjects: 2.163400 ms  DeleteObjects: 0.016300 ms)

========================================================================
Received Prepare
Registering precompiled user dll's ...
Registered in 0.001509 seconds.
Begin MonoManager ReloadAssembly
Native extension for WindowsStandalone target not found
Refreshing native plugins compatible for Editor in 0.62 ms, found 1 plugins.
Preloading 0 native plugins for Editor in 0.00 ms.
Mono: successfully reloaded assembly
- Completed reload, in  1.004 seconds
Platform modules already initialized, skipping
Refreshing native plugins compatible for Editor in 0.44 ms, found 1 plugins.
Preloading 0 native plugins for Editor in 0.00 ms.
Unloading 1968 Unused Serialized files (Serialized files now loaded: 0)
System memory in use before: 96.7 MB.
System memory in use after: 96.9 MB.

Unloading 9 unused Assets to reduce memory usage. Loaded Objects now: 2586.
Total: 2.655900 ms (FindLiveObjects: 0.182200 ms CreateObjectMapping: 0.070000 ms MarkObjects: 2.386300 ms  DeleteObjects: 0.016200 ms)

========================================================================
Received Prepare
Registering precompiled user dll's ...
Registered in 0.000893 seconds.
Begin MonoManager ReloadAssembly
Native extension for WindowsStandalone target not found
Refreshing native plugins compatible for Editor in 0.48 ms, found 1 plugins.
Preloading 0 native plugins for Editor in 0.00 ms.
Mono: successfully reloaded assembly
- Completed reload, in  0.967 seconds
Platform modules already initialized, skipping
Refreshing native plugins compatible for Editor in 0.43 ms, found 1 plugins.
Preloading 0 native plugins for Editor in 0.00 ms.
Unloading 1968 Unused Serialized files (Serialized files now loaded: 0)
System memory in use before: 96.8 MB.
System memory in use after: 96.9 MB.

Unloading 9 unused Assets to reduce memory usage. Loaded Objects now: 2589.
Total: 2.684500 ms (FindLiveObjects: 0.224400 ms CreateObjectMapping: 0.092300 ms MarkObjects: 2.324000 ms  DeleteObjects: 0.042500 ms)

========================================================================
Received Prepare
Registering precompiled user dll's ...
Registered in 0.001084 seconds.
Begin MonoManager ReloadAssembly
Native extension for WindowsStandalone target not found
Refreshing native plugins compatible for Editor in 0.42 ms, found 1 plugins.
Preloading 0 native plugins for Editor in 0.00 ms.
Mono: successfully reloaded assembly
- Completed reload, in  0.995 seconds
Platform modules already initialized, skipping
Refreshing native plugins compatible for Editor in 0.52 ms, found 1 plugins.
Preloading 0 native plugins for Editor in 0.00 ms.
Unloading 1968 Unused Serialized files (Serialized files now loaded: 0)
System memory in use before: 96.8 MB.
System memory in use after: 96.9 MB.

Unloading 9 unused Assets to reduce memory usage. Loaded Objects now: 2592.
Total: 2.052200 ms (FindLiveObjects: 0.266100 ms CreateObjectMapping: 0.080800 ms MarkObjects: 1.689000 ms  DeleteObjects: 0.015300 ms)

========================================================================
Received Prepare
Registering precompiled user dll's ...
Registered in 0.000834 seconds.
Begin MonoManager ReloadAssembly
Native extension for WindowsStandalone target not found
Refreshing native plugins compatible for Editor in 0.49 ms, found 1 plugins.
Preloading 0 native plugins for Editor in 0.00 ms.
Mono: successfully reloaded assembly
- Completed reload, in  0.948 seconds
Platform modules already initialized, skipping
Refreshing native plugins compatible for Editor in 0.55 ms, found 1 plugins.
Preloading 0 native plugins for Editor in 0.00 ms.
Unloading 1968 Unused Serialized files (Serialized files now loaded: 0)
System memory in use before: 96.8 MB.
System memory in use after: 96.9 MB.

Unloading 9 unused Assets to reduce memory usage. Loaded Objects now: 2595.
Total: 2.392500 ms (FindLiveObjects: 0.254900 ms CreateObjectMapping: 0.083900 ms MarkObjects: 2.035100 ms  DeleteObjects: 0.017400 ms)

========================================================================
Received Prepare
Registering precompiled user dll's ...
Registered in 0.001112 seconds.
Begin MonoManager ReloadAssembly
Native extension for WindowsStandalone target not found
Refreshing native plugins compatible for Editor in 0.63 ms, found 1 plugins.
Preloading 0 native plugins for Editor in 0.00 ms.
Mono: successfully reloaded assembly
- Completed reload, in  0.982 seconds
Platform modules already initialized, skipping
Refreshing native plugins compatible for Editor in 0.71 ms, found 1 plugins.
Preloading 0 native plugins for Editor in 0.00 ms.
Unloading 1968 Unused Serialized files (Serialized files now loaded: 0)
System memory in use before: 96.8 MB.
System memory in use after: 96.9 MB.

Unloading 9 unused Assets to reduce memory usage. Loaded Objects now: 2598.
Total: 2.350300 ms (FindLiveObjects: 0.193100 ms CreateObjectMapping: 0.079900 ms MarkObjects: 2.060600 ms  DeleteObjects: 0.015800 ms)

========================================================================
Received Prepare
Registering precompiled user dll's ...
Registered in 0.000866 seconds.
Begin MonoManager ReloadAssembly
Native extension for WindowsStandalone target not found
Refreshing native plugins compatible for Editor in 0.45 ms, found 1 plugins.
Preloading 0 native plugins for Editor in 0.00 ms.
Mono: successfully reloaded assembly
- Completed reload, in  0.985 seconds
Platform modules already initialized, skipping
Refreshing native plugins compatible for Editor in 0.70 ms, found 1 plugins.
Preloading 0 native plugins for Editor in 0.00 ms.
Unloading 1968 Unused Serialized files (Serialized files now loaded: 0)
System memory in use before: 96.8 MB.
System memory in use after: 96.9 MB.

Unloading 9 unused Assets to reduce memory usage. Loaded Objects now: 2601.
Total: 2.734400 ms (FindLiveObjects: 0.278900 ms CreateObjectMapping: 0.097400 ms MarkObjects: 2.335900 ms  DeleteObjects: 0.020700 ms)

========================================================================
Received Prepare
Registering precompiled user dll's ...
Registered in 0.000871 seconds.
Begin MonoManager ReloadAssembly
Native extension for WindowsStandalone target not found
Refreshing native plugins compatible for Editor in 0.42 ms, found 1 plugins.
Preloading 0 native plugins for Editor in 0.00 ms.
Mono: successfully reloaded assembly
- Completed reload, in  0.972 seconds
Platform modules already initialized, skipping
Refreshing native plugins compatible for Editor in 0.43 ms, found 1 plugins.
Preloading 0 native plugins for Editor in 0.00 ms.
Unloading 1968 Unused Serialized files (Serialized files now loaded: 0)
System memory in use before: 96.8 MB.
System memory in use after: 96.9 MB.

Unloading 9 unused Assets to reduce memory usage. Loaded Objects now: 2604.
Total: 2.411100 ms (FindLiveObjects: 0.285200 ms CreateObjectMapping: 0.095500 ms MarkObjects: 2.007900 ms  DeleteObjects: 0.020700 ms)

========================================================================
Received Prepare
Registering precompiled user dll's ...
Registered in 0.000860 seconds.
Begin MonoManager ReloadAssembly
Native extension for WindowsStandalone target not found
Refreshing native plugins compatible for Editor in 0.48 ms, found 1 plugins.
Preloading 0 native plugins for Editor in 0.00 ms.
Mono: successfully reloaded assembly
- Completed reload, in  1.042 seconds
Platform modules already initialized, skipping
Refreshing native plugins compatible for Editor in 0.71 ms, found 1 plugins.
Preloading 0 native plugins for Editor in 0.00 ms.
Unloading 1968 Unused Serialized files (Serialized files now loaded: 0)
System memory in use before: 96.8 MB.
System memory in use after: 96.9 MB.

Unloading 9 unused Assets to reduce memory usage. Loaded Objects now: 2607.
Total: 3.647900 ms (FindLiveObjects: 0.332200 ms CreateObjectMapping: 0.128000 ms MarkObjects: 3.129000 ms  DeleteObjects: 0.056300 ms)

========================================================================
Received Prepare
Registering precompiled user dll's ...
Registered in 0.000894 seconds.
Begin MonoManager ReloadAssembly
Native extension for WindowsStandalone target not found
Refreshing native plugins compatible for Editor in 0.42 ms, found 1 plugins.
Preloading 0 native plugins for Editor in 0.00 ms.
Mono: successfully reloaded assembly
- Completed reload, in  0.972 seconds
Platform modules already initialized, skipping
Refreshing native plugins compatible for Editor in 0.46 ms, found 1 plugins.
Preloading 0 native plugins for Editor in 0.00 ms.
Unloading 1968 Unused Serialized files (Serialized files now loaded: 0)
System memory in use before: 96.8 MB.
System memory in use after: 96.9 MB.

Unloading 9 unused Assets to reduce memory usage. Loaded Objects now: 2610.
Total: 2.240800 ms (FindLiveObjects: 0.219500 ms CreateObjectMapping: 0.089400 ms MarkObjects: 1.910900 ms  DeleteObjects: 0.019400 ms)

========================================================================
Received Import Request.
  Time since last request: 1266.903666 seconds.
  path: Assets/DreamLands/Textures/Import/Tile-Chemin-V1/New Material.mat
  artifactKey: Guid(59ee207223f218e4aad701930edecfd9) Importer(815301076,1909f56bfc062723c751e8b465ee728b)
Start importing Assets/DreamLands/Textures/Import/Tile-Chemin-V1/New Material.mat using Guid(59ee207223f218e4aad701930edecfd9) Importer(815301076,1909f56bfc062723c751e8b465ee728b)  -> (artifact id: '8def3b9b848ef91b5c3f2bb83921aaaf') in 0.095136 seconds
  Import took 0.100127 seconds .

========================================================================
Received Import Request.
  Time since last request: 16.764226 seconds.
  path: Assets/Tilemap/Scripts/TilemapVisual.cs
  artifactKey: Guid(05a224c0653f7484196e125d4f121a7a) Importer(815301076,1909f56bfc062723c751e8b465ee728b)
Start importing Assets/Tilemap/Scripts/TilemapVisual.cs using Guid(05a224c0653f7484196e125d4f121a7a) Importer(815301076,1909f56bfc062723c751e8b465ee728b)  -> (artifact id: '8ebc90f35f7625ee06df599ce04ee86e') in 0.007776 seconds
  Import took 0.012401 seconds .

========================================================================
Received Import Request.
  Time since last request: 11.599201 seconds.
  path: Assets/Tilemap/Scripts/Testing.cs
  artifactKey: Guid(8679bd1c4546284479c2094a21f6a56d) Importer(815301076,1909f56bfc062723c751e8b465ee728b)
Start importing Assets/Tilemap/Scripts/Testing.cs using Guid(8679bd1c4546284479c2094a21f6a56d) Importer(815301076,1909f56bfc062723c751e8b465ee728b)  -> (artifact id: 'f9ee0b67be5d53a888ad02383c0e3a18') in 0.009030 seconds
  Import took 0.013278 seconds .

========================================================================
Received Prepare
Registering precompiled user dll's ...
Registered in 0.000968 seconds.
Begin MonoManager ReloadAssembly
Native extension for WindowsStandalone target not found
Refreshing native plugins compatible for Editor in 0.65 ms, found 1 plugins.
Preloading 0 native plugins for Editor in 0.00 ms.
Mono: successfully reloaded assembly
- Completed reload, in  0.983 seconds
Platform modules already initialized, skipping
Refreshing native plugins compatible for Editor in 0.47 ms, found 1 plugins.
Preloading 0 native plugins for Editor in 0.00 ms.
Unloading 1968 Unused Serialized files (Serialized files now loaded: 0)
System memory in use before: 96.8 MB.
System memory in use after: 96.9 MB.

Unloading 9 unused Assets to reduce memory usage. Loaded Objects now: 2614.
Total: 2.208200 ms (FindLiveObjects: 0.351700 ms CreateObjectMapping: 0.099300 ms MarkObjects: 1.709000 ms  DeleteObjects: 0.047100 ms)

========================================================================
Received Prepare
Registering precompiled user dll's ...
Registered in 0.001187 seconds.
Begin MonoManager ReloadAssembly
Native extension for WindowsStandalone target not found
Refreshing native plugins compatible for Editor in 0.46 ms, found 1 plugins.
Preloading 0 native plugins for Editor in 0.00 ms.
Mono: successfully reloaded assembly
- Completed reload, in  1.039 seconds
Platform modules already initialized, skipping
Refreshing native plugins compatible for Editor in 0.55 ms, found 1 plugins.
Preloading 0 native plugins for Editor in 0.00 ms.
Unloading 1968 Unused Serialized files (Serialized files now loaded: 0)
System memory in use before: 96.8 MB.
System memory in use after: 96.9 MB.

Unloading 9 unused Assets to reduce memory usage. Loaded Objects now: 2617.
Total: 2.774200 ms (FindLiveObjects: 0.337300 ms CreateObjectMapping: 0.093100 ms MarkObjects: 2.309400 ms  DeleteObjects: 0.032100 ms)

========================================================================
Received Prepare
Registering precompiled user dll's ...
Registered in 0.000924 seconds.
Begin MonoManager ReloadAssembly
Native extension for WindowsStandalone target not found
Refreshing native plugins compatible for Editor in 1.19 ms, found 1 plugins.
Preloading 0 native plugins for Editor in 0.00 ms.
Mono: successfully reloaded assembly
- Completed reload, in  1.248 seconds
Platform modules already initialized, skipping
Refreshing native plugins compatible for Editor in 0.53 ms, found 1 plugins.
Preloading 0 native plugins for Editor in 0.00 ms.
Unloading 1968 Unused Serialized files (Serialized files now loaded: 0)
System memory in use before: 96.8 MB.
System memory in use after: 97.0 MB.

Unloading 9 unused Assets to reduce memory usage. Loaded Objects now: 2620.
Total: 3.624000 ms (FindLiveObjects: 0.434700 ms CreateObjectMapping: 0.161300 ms MarkObjects: 3.004800 ms  DeleteObjects: 0.021400 ms)

========================================================================
Received Prepare
Registering precompiled user dll's ...
Registered in 0.001004 seconds.
Begin MonoManager ReloadAssembly
Native extension for WindowsStandalone target not found
Refreshing native plugins compatible for Editor in 0.46 ms, found 1 plugins.
Preloading 0 native plugins for Editor in 0.00 ms.
Mono: successfully reloaded assembly
- Completed reload, in  1.219 seconds
Platform modules already initialized, skipping
Refreshing native plugins compatible for Editor in 0.46 ms, found 1 plugins.
Preloading 0 native plugins for Editor in 0.00 ms.
Unloading 1968 Unused Serialized files (Serialized files now loaded: 0)
System memory in use before: 96.8 MB.
System memory in use after: 97.0 MB.

Unloading 9 unused Assets to reduce memory usage. Loaded Objects now: 2623.
Total: 2.404600 ms (FindLiveObjects: 0.329900 ms CreateObjectMapping: 0.136400 ms MarkObjects: 1.905500 ms  DeleteObjects: 0.031100 ms)

========================================================================
Received Prepare
Registering precompiled user dll's ...
Registered in 0.001536 seconds.
Begin MonoManager ReloadAssembly
Native extension for WindowsStandalone target not found
Refreshing native plugins compatible for Editor in 0.81 ms, found 1 plugins.
Preloading 0 native plugins for Editor in 0.00 ms.
Mono: successfully reloaded assembly
- Completed reload, in  1.227 seconds
Platform modules already initialized, skipping
Refreshing native plugins compatible for Editor in 0.71 ms, found 1 plugins.
Preloading 0 native plugins for Editor in 0.00 ms.
Unloading 1968 Unused Serialized files (Serialized files now loaded: 0)
System memory in use before: 96.8 MB.
System memory in use after: 97.0 MB.

Unloading 9 unused Assets to reduce memory usage. Loaded Objects now: 2626.
Total: 2.656600 ms (FindLiveObjects: 0.222500 ms CreateObjectMapping: 0.088900 ms MarkObjects: 2.312600 ms  DeleteObjects: 0.030900 ms)

========================================================================
Received Prepare
Registering precompiled user dll's ...
Registered in 0.001168 seconds.
Begin MonoManager ReloadAssembly
Native extension for WindowsStandalone target not found
Refreshing native plugins compatible for Editor in 0.49 ms, found 1 plugins.
Preloading 0 native plugins for Editor in 0.00 ms.
Mono: successfully reloaded assembly
- Completed reload, in  1.218 seconds
Platform modules already initialized, skipping
Refreshing native plugins compatible for Editor in 0.76 ms, found 1 plugins.
Preloading 0 native plugins for Editor in 0.00 ms.
Unloading 1968 Unused Serialized files (Serialized files now loaded: 0)
System memory in use before: 96.9 MB.
System memory in use after: 97.0 MB.

Unloading 9 unused Assets to reduce memory usage. Loaded Objects now: 2629.
Total: 2.641600 ms (FindLiveObjects: 0.303100 ms CreateObjectMapping: 0.184000 ms MarkObjects: 2.136100 ms  DeleteObjects: 0.016500 ms)

========================================================================
Received Prepare
Registering precompiled user dll's ...
Registered in 0.000923 seconds.
Begin MonoManager ReloadAssembly
Native extension for WindowsStandalone target not found
Refreshing native plugins compatible for Editor in 0.66 ms, found 1 plugins.
Preloading 0 native plugins for Editor in 0.00 ms.
Mono: successfully reloaded assembly
- Completed reload, in  1.127 seconds
Platform modules already initialized, skipping
Refreshing native plugins compatible for Editor in 0.81 ms, found 1 plugins.
Preloading 0 native plugins for Editor in 0.00 ms.
Unloading 1968 Unused Serialized files (Serialized files now loaded: 0)
System memory in use before: 96.9 MB.
System memory in use after: 97.0 MB.

Unloading 9 unused Assets to reduce memory usage. Loaded Objects now: 2632.
Total: 4.673800 ms (FindLiveObjects: 0.397900 ms CreateObjectMapping: 0.181800 ms MarkObjects: 4.032800 ms  DeleteObjects: 0.059300 ms)

========================================================================
Received Prepare
Registering precompiled user dll's ...
Registered in 0.001430 seconds.
Begin MonoManager ReloadAssembly
Native extension for WindowsStandalone target not found
Refreshing native plugins compatible for Editor in 0.52 ms, found 1 plugins.
Preloading 0 native plugins for Editor in 0.00 ms.
Mono: successfully reloaded assembly
- Completed reload, in  1.219 seconds
Platform modules already initialized, skipping
Refreshing native plugins compatible for Editor in 0.76 ms, found 1 plugins.
Preloading 0 native plugins for Editor in 0.00 ms.
Unloading 1968 Unused Serialized files (Serialized files now loaded: 0)
System memory in use before: 96.9 MB.
System memory in use after: 97.0 MB.

Unloading 9 unused Assets to reduce memory usage. Loaded Objects now: 2635.
Total: 3.615600 ms (FindLiveObjects: 0.572300 ms CreateObjectMapping: 0.166300 ms MarkObjects: 2.849900 ms  DeleteObjects: 0.024800 ms)

========================================================================
Received Import Request.
  Time since last request: 955.264017 seconds.
  path: Assets/DreamLands/Textures
  artifactKey: Guid(fcc6247e28e1d3448a1ab29e4f7fd788) Importer(815301076,1909f56bfc062723c751e8b465ee728b)
Start importing Assets/DreamLands/Textures using Guid(fcc6247e28e1d3448a1ab29e4f7fd788) Importer(815301076,1909f56bfc062723c751e8b465ee728b)  -> (artifact id: 'da56f3ee5956573aa384edd8a3d3b1eb') in 0.012359 seconds
  Import took 0.016461 seconds .

========================================================================
Received Prepare
Registering precompiled user dll's ...
Registered in 0.001099 seconds.
Begin MonoManager ReloadAssembly
Native extension for WindowsStandalone target not found
Refreshing native plugins compatible for Editor in 0.45 ms, found 1 plugins.
Preloading 0 native plugins for Editor in 0.00 ms.
Mono: successfully reloaded assembly
- Completed reload, in  1.210 seconds
Platform modules already initialized, skipping
Refreshing native plugins compatible for Editor in 0.46 ms, found 1 plugins.
Preloading 0 native plugins for Editor in 0.00 ms.
Unloading 1968 Unused Serialized files (Serialized files now loaded: 0)
System memory in use before: 96.9 MB.
System memory in use after: 97.0 MB.

Unloading 9 unused Assets to reduce memory usage. Loaded Objects now: 2638.
Total: 3.571600 ms (FindLiveObjects: 0.425400 ms CreateObjectMapping: 0.143500 ms MarkObjects: 2.976200 ms  DeleteObjects: 0.024800 ms)

========================================================================
Received Prepare
Registering precompiled user dll's ...
Registered in 0.000932 seconds.
Begin MonoManager ReloadAssembly
Native extension for WindowsStandalone target not found
Refreshing native plugins compatible for Editor in 0.47 ms, found 1 plugins.
Preloading 0 native plugins for Editor in 0.00 ms.
Mono: successfully reloaded assembly
- Completed reload, in  1.222 seconds
Platform modules already initialized, skipping
Refreshing native plugins compatible for Editor in 0.45 ms, found 1 plugins.
Preloading 0 native plugins for Editor in 0.00 ms.
Unloading 1968 Unused Serialized files (Serialized files now loaded: 0)
System memory in use before: 96.9 MB.
System memory in use after: 97.0 MB.

Unloading 9 unused Assets to reduce memory usage. Loaded Objects now: 2641.
Total: 2.555100 ms (FindLiveObjects: 0.242100 ms CreateObjectMapping: 0.092700 ms MarkObjects: 2.187100 ms  DeleteObjects: 0.031200 ms)

========================================================================
Received Prepare
Registering precompiled user dll's ...
Registered in 0.000856 seconds.
Begin MonoManager ReloadAssembly
Native extension for WindowsStandalone target not found
Refreshing native plugins compatible for Editor in 0.50 ms, found 1 plugins.
Preloading 0 native plugins for Editor in 0.00 ms.
Mono: successfully reloaded assembly
- Completed reload, in  1.170 seconds
Platform modules already initialized, skipping
Refreshing native plugins compatible for Editor in 0.46 ms, found 1 plugins.
Preloading 0 native plugins for Editor in 0.00 ms.
Unloading 1968 Unused Serialized files (Serialized files now loaded: 0)
System memory in use before: 96.9 MB.
System memory in use after: 97.0 MB.

Unloading 9 unused Assets to reduce memory usage. Loaded Objects now: 2644.
Total: 3.270400 ms (FindLiveObjects: 0.394700 ms CreateObjectMapping: 0.183100 ms MarkObjects: 2.671700 ms  DeleteObjects: 0.019400 ms)

========================================================================
Received Prepare
Registering precompiled user dll's ...
Registered in 0.001476 seconds.
Begin MonoManager ReloadAssembly
Native extension for WindowsStandalone target not found
Refreshing native plugins compatible for Editor in 0.42 ms, found 1 plugins.
Preloading 0 native plugins for Editor in 0.00 ms.
Mono: successfully reloaded assembly
- Completed reload, in  1.153 seconds
Platform modules already initialized, skipping
Refreshing native plugins compatible for Editor in 0.80 ms, found 1 plugins.
Preloading 0 native plugins for Editor in 0.00 ms.
Unloading 1968 Unused Serialized files (Serialized files now loaded: 0)
System memory in use before: 96.9 MB.
System memory in use after: 97.0 MB.

Unloading 9 unused Assets to reduce memory usage. Loaded Objects now: 2647.
Total: 3.169900 ms (FindLiveObjects: 0.233700 ms CreateObjectMapping: 0.090100 ms MarkObjects: 2.819200 ms  DeleteObjects: 0.025200 ms)

========================================================================
Received Prepare
Registering precompiled user dll's ...
Registered in 0.002027 seconds.
Begin MonoManager ReloadAssembly
Native extension for WindowsStandalone target not found
Refreshing native plugins compatible for Editor in 0.60 ms, found 1 plugins.
Preloading 0 native plugins for Editor in 0.00 ms.
Mono: successfully reloaded assembly
- Completed reload, in  1.179 seconds
Platform modules already initialized, skipping
Refreshing native plugins compatible for Editor in 0.55 ms, found 1 plugins.
Preloading 0 native plugins for Editor in 0.00 ms.
Unloading 1968 Unused Serialized files (Serialized files now loaded: 0)
System memory in use before: 96.9 MB.
System memory in use after: 97.0 MB.

Unloading 9 unused Assets to reduce memory usage. Loaded Objects now: 2650.
Total: 2.204400 ms (FindLiveObjects: 0.235000 ms CreateObjectMapping: 0.094800 ms MarkObjects: 1.850700 ms  DeleteObjects: 0.022700 ms)

========================================================================
Received Prepare
Registering precompiled user dll's ...
Registered in 0.000936 seconds.
Begin MonoManager ReloadAssembly
Native extension for WindowsStandalone target not found
Refreshing native plugins compatible for Editor in 0.51 ms, found 1 plugins.
Preloading 0 native plugins for Editor in 0.00 ms.
Mono: successfully reloaded assembly
- Completed reload, in  1.176 seconds
Platform modules already initialized, skipping
Refreshing native plugins compatible for Editor in 0.62 ms, found 1 plugins.
Preloading 0 native plugins for Editor in 0.00 ms.
Unloading 1968 Unused Serialized files (Serialized files now loaded: 0)
System memory in use before: 96.9 MB.
System memory in use after: 97.0 MB.

Unloading 9 unused Assets to reduce memory usage. Loaded Objects now: 2653.
Total: 2.339300 ms (FindLiveObjects: 0.236200 ms CreateObjectMapping: 0.087600 ms MarkObjects: 1.991200 ms  DeleteObjects: 0.022500 ms)

========================================================================
Received Prepare
Registering precompiled user dll's ...
Registered in 0.000877 seconds.
Begin MonoManager ReloadAssembly
Native extension for WindowsStandalone target not found
Refreshing native plugins compatible for Editor in 0.56 ms, found 1 plugins.
Preloading 0 native plugins for Editor in 0.00 ms.
Mono: successfully reloaded assembly
- Completed reload, in  1.051 seconds
Platform modules already initialized, skipping
Refreshing native plugins compatible for Editor in 0.61 ms, found 1 plugins.
Preloading 0 native plugins for Editor in 0.00 ms.
Unloading 1968 Unused Serialized files (Serialized files now loaded: 0)
System memory in use before: 96.9 MB.
System memory in use after: 97.0 MB.

Unloading 9 unused Assets to reduce memory usage. Loaded Objects now: 2656.
Total: 2.431800 ms (FindLiveObjects: 0.348800 ms CreateObjectMapping: 0.138200 ms MarkObjects: 1.899600 ms  DeleteObjects: 0.043500 ms)

========================================================================
Received Prepare
Registering precompiled user dll's ...
Registered in 0.000932 seconds.
Begin MonoManager ReloadAssembly
Native extension for WindowsStandalone target not found
Refreshing native plugins compatible for Editor in 0.46 ms, found 1 plugins.
Preloading 0 native plugins for Editor in 0.00 ms.
Mono: successfully reloaded assembly
- Completed reload, in  1.214 seconds
Platform modules already initialized, skipping
Refreshing native plugins compatible for Editor in 0.65 ms, found 1 plugins.
Preloading 0 native plugins for Editor in 0.00 ms.
Unloading 1968 Unused Serialized files (Serialized files now loaded: 0)
System memory in use before: 96.9 MB.
System memory in use after: 97.0 MB.

Unloading 9 unused Assets to reduce memory usage. Loaded Objects now: 2659.
Total: 2.596100 ms (FindLiveObjects: 0.297100 ms CreateObjectMapping: 0.118100 ms MarkObjects: 2.149200 ms  DeleteObjects: 0.030100 ms)

========================================================================
Received Prepare
Registering precompiled user dll's ...
Registered in 0.000891 seconds.
Begin MonoManager ReloadAssembly
Native extension for WindowsStandalone target not found
Refreshing native plugins compatible for Editor in 0.50 ms, found 1 plugins.
Preloading 0 native plugins for Editor in 0.00 ms.
Mono: successfully reloaded assembly
- Completed reload, in  1.176 seconds
Platform modules already initialized, skipping
Refreshing native plugins compatible for Editor in 0.45 ms, found 1 plugins.
Preloading 0 native plugins for Editor in 0.00 ms.
Unloading 1968 Unused Serialized files (Serialized files now loaded: 0)
System memory in use before: 96.9 MB.
System memory in use after: 97.1 MB.

Unloading 9 unused Assets to reduce memory usage. Loaded Objects now: 2662.
Total: 2.897500 ms (FindLiveObjects: 0.427000 ms CreateObjectMapping: 0.282800 ms MarkObjects: 2.169800 ms  DeleteObjects: 0.016200 ms)

========================================================================
Received Prepare
Registering precompiled user dll's ...
Registered in 0.000896 seconds.
Begin MonoManager ReloadAssembly
Native extension for WindowsStandalone target not found
Refreshing native plugins compatible for Editor in 0.49 ms, found 1 plugins.
Preloading 0 native plugins for Editor in 0.00 ms.
Mono: successfully reloaded assembly
- Completed reload, in  1.008 seconds
Platform modules already initialized, skipping
Refreshing native plugins compatible for Editor in 0.52 ms, found 1 plugins.
Preloading 0 native plugins for Editor in 0.00 ms.
Unloading 1968 Unused Serialized files (Serialized files now loaded: 0)
System memory in use before: 97.0 MB.
System memory in use after: 97.1 MB.

Unloading 9 unused Assets to reduce memory usage. Loaded Objects now: 2665.
Total: 2.784400 ms (FindLiveObjects: 0.276700 ms CreateObjectMapping: 0.092600 ms MarkObjects: 2.381400 ms  DeleteObjects: 0.032600 ms)

========================================================================
Received Prepare
Registering precompiled user dll's ...
Registered in 0.001584 seconds.
Begin MonoManager ReloadAssembly
Native extension for WindowsStandalone target not found
Refreshing native plugins compatible for Editor in 0.45 ms, found 1 plugins.
Preloading 0 native plugins for Editor in 0.00 ms.
Mono: successfully reloaded assembly
- Completed reload, in  1.093 seconds
Platform modules already initialized, skipping
Refreshing native plugins compatible for Editor in 0.45 ms, found 1 plugins.
Preloading 0 native plugins for Editor in 0.00 ms.
Unloading 1968 Unused Serialized files (Serialized files now loaded: 0)
System memory in use before: 97.0 MB.
System memory in use after: 97.1 MB.

Unloading 9 unused Assets to reduce memory usage. Loaded Objects now: 2668.
Total: 2.503400 ms (FindLiveObjects: 0.326400 ms CreateObjectMapping: 0.093100 ms MarkObjects: 2.050800 ms  DeleteObjects: 0.031900 ms)

========================================================================
Received Prepare
Registering precompiled user dll's ...
Registered in 0.001453 seconds.
Begin MonoManager ReloadAssembly
Native extension for WindowsStandalone target not found
Refreshing native plugins compatible for Editor in 0.68 ms, found 1 plugins.
Preloading 0 native plugins for Editor in 0.00 ms.
Mono: successfully reloaded assembly
- Completed reload, in  1.187 seconds
Platform modules already initialized, skipping
Refreshing native plugins compatible for Editor in 0.95 ms, found 1 plugins.
Preloading 0 native plugins for Editor in 0.00 ms.
Unloading 1968 Unused Serialized files (Serialized files now loaded: 0)
System memory in use before: 97.1 MB.
System memory in use after: 97.2 MB.

Unloading 9 unused Assets to reduce memory usage. Loaded Objects now: 2671.
Total: 2.681400 ms (FindLiveObjects: 0.323100 ms CreateObjectMapping: 0.117300 ms MarkObjects: 2.222500 ms  DeleteObjects: 0.017300 ms)

========================================================================
Received Prepare
Registering precompiled user dll's ...
Registered in 0.000909 seconds.
Begin MonoManager ReloadAssembly
Native extension for WindowsStandalone target not found
Refreshing native plugins compatible for Editor in 0.57 ms, found 1 plugins.
Preloading 0 native plugins for Editor in 0.00 ms.
Mono: successfully reloaded assembly
- Completed reload, in  1.267 seconds
Platform modules already initialized, skipping
Refreshing native plugins compatible for Editor in 0.65 ms, found 1 plugins.
Preloading 0 native plugins for Editor in 0.00 ms.
Unloading 1968 Unused Serialized files (Serialized files now loaded: 0)
System memory in use before: 97.0 MB.
System memory in use after: 97.1 MB.

Unloading 9 unused Assets to reduce memory usage. Loaded Objects now: 2674.
Total: 2.943300 ms (FindLiveObjects: 0.495300 ms CreateObjectMapping: 0.173800 ms MarkObjects: 2.241900 ms  DeleteObjects: 0.030200 ms)

========================================================================
Received Prepare
Registering precompiled user dll's ...
Registered in 0.000855 seconds.
Begin MonoManager ReloadAssembly
Native extension for WindowsStandalone target not found
Refreshing native plugins compatible for Editor in 0.44 ms, found 1 plugins.
Preloading 0 native plugins for Editor in 0.00 ms.
Mono: successfully reloaded assembly
- Completed reload, in  1.187 seconds
Platform modules already initialized, skipping
Refreshing native plugins compatible for Editor in 0.49 ms, found 1 plugins.
Preloading 0 native plugins for Editor in 0.00 ms.
Unloading 1968 Unused Serialized files (Serialized files now loaded: 0)
System memory in use before: 97.0 MB.
System memory in use after: 97.1 MB.

Unloading 9 unused Assets to reduce memory usage. Loaded Objects now: 2677.
Total: 2.799500 ms (FindLiveObjects: 0.311500 ms CreateObjectMapping: 0.190300 ms MarkObjects: 2.250000 ms  DeleteObjects: 0.028100 ms)

========================================================================
Received Prepare
Registering precompiled user dll's ...
Registered in 0.001298 seconds.
Begin MonoManager ReloadAssembly
Native extension for WindowsStandalone target not found
Refreshing native plugins compatible for Editor in 0.85 ms, found 1 plugins.
Preloading 0 native plugins for Editor in 0.00 ms.
Mono: successfully reloaded assembly
- Completed reload, in  1.215 seconds
Platform modules already initialized, skipping
Refreshing native plugins compatible for Editor in 0.45 ms, found 1 plugins.
Preloading 0 native plugins for Editor in 0.00 ms.
Unloading 1968 Unused Serialized files (Serialized files now loaded: 0)
System memory in use before: 97.0 MB.
System memory in use after: 97.1 MB.

Unloading 9 unused Assets to reduce memory usage. Loaded Objects now: 2680.
Total: 3.042400 ms (FindLiveObjects: 0.287000 ms CreateObjectMapping: 0.128800 ms MarkObjects: 2.593500 ms  DeleteObjects: 0.031700 ms)

========================================================================
Received Prepare
Registering precompiled user dll's ...
Registered in 0.000896 seconds.
Begin MonoManager ReloadAssembly
Native extension for WindowsStandalone target not found
Refreshing native plugins compatible for Editor in 0.65 ms, found 1 plugins.
Preloading 0 native plugins for Editor in 0.00 ms.
Mono: successfully reloaded assembly
- Completed reload, in  1.249 seconds
Platform modules already initialized, skipping
Refreshing native plugins compatible for Editor in 0.50 ms, found 1 plugins.
Preloading 0 native plugins for Editor in 0.00 ms.
Unloading 1968 Unused Serialized files (Serialized files now loaded: 0)
System memory in use before: 97.0 MB.
System memory in use after: 97.1 MB.

Unloading 9 unused Assets to reduce memory usage. Loaded Objects now: 2683.
Total: 3.539300 ms (FindLiveObjects: 0.679200 ms CreateObjectMapping: 0.188700 ms MarkObjects: 2.639000 ms  DeleteObjects: 0.030700 ms)

========================================================================
Received Prepare
Registering precompiled user dll's ...
Registered in 0.000939 seconds.
Begin MonoManager ReloadAssembly
Native extension for WindowsStandalone target not found
Refreshing native plugins compatible for Editor in 0.51 ms, found 1 plugins.
Preloading 0 native plugins for Editor in 0.00 ms.
Mono: successfully reloaded assembly
- Completed reload, in  1.064 seconds
Platform modules already initialized, skipping
Refreshing native plugins compatible for Editor in 0.45 ms, found 1 plugins.
Preloading 0 native plugins for Editor in 0.00 ms.
Unloading 1968 Unused Serialized files (Serialized files now loaded: 0)
System memory in use before: 97.0 MB.
System memory in use after: 97.1 MB.

Unloading 9 unused Assets to reduce memory usage. Loaded Objects now: 2686.
Total: 3.255700 ms (FindLiveObjects: 0.560300 ms CreateObjectMapping: 0.212000 ms MarkObjects: 2.449900 ms  DeleteObjects: 0.032100 ms)

========================================================================
Received Prepare
Registering precompiled user dll's ...
Registered in 0.000926 seconds.
Begin MonoManager ReloadAssembly
Native extension for WindowsStandalone target not found
Refreshing native plugins compatible for Editor in 0.44 ms, found 1 plugins.
Preloading 0 native plugins for Editor in 0.00 ms.
Mono: successfully reloaded assembly
- Completed reload, in  1.066 seconds
Platform modules already initialized, skipping
Refreshing native plugins compatible for Editor in 0.77 ms, found 1 plugins.
Preloading 0 native plugins for Editor in 0.00 ms.
Unloading 1968 Unused Serialized files (Serialized files now loaded: 0)
System memory in use before: 97.0 MB.
System memory in use after: 97.1 MB.

Unloading 9 unused Assets to reduce memory usage. Loaded Objects now: 2689.
Total: 2.732800 ms (FindLiveObjects: 0.332900 ms CreateObjectMapping: 0.138900 ms MarkObjects: 2.214700 ms  DeleteObjects: 0.045000 ms)

========================================================================
Received Prepare
Registering precompiled user dll's ...
Registered in 0.001274 seconds.
Begin MonoManager ReloadAssembly
Native extension for WindowsStandalone target not found
Refreshing native plugins compatible for Editor in 0.52 ms, found 1 plugins.
Preloading 0 native plugins for Editor in 0.00 ms.
Mono: successfully reloaded assembly
- Completed reload, in  1.056 seconds
Platform modules already initialized, skipping
Refreshing native plugins compatible for Editor in 0.43 ms, found 1 plugins.
Preloading 0 native plugins for Editor in 0.00 ms.
Unloading 1968 Unused Serialized files (Serialized files now loaded: 0)
System memory in use before: 97.0 MB.
System memory in use after: 97.1 MB.

Unloading 9 unused Assets to reduce memory usage. Loaded Objects now: 2692.
Total: 2.221100 ms (FindLiveObjects: 0.229800 ms CreateObjectMapping: 0.089400 ms MarkObjects: 1.883500 ms  DeleteObjects: 0.017100 ms)

AssetImportWorkerClient::OnTransportError - code=2 error=End of file
